This is XeTeX, Version 3.1415926-2.2-0.9995.2 (TeX Live 2009) (format=xelatex 2011.11.15)  16 MAR 2012 18:31
entering extended mode
 %&-line parsing enabled.
**webkit
(/usr/local/texlive/2009/texmf-dist/tex/latex/tools/q.tex
! Interruption.
<to be read again> 
                   \begingroup 
l.1 
    %%
? q
OK, entering \batchmode...
LaTeX2e <2009/09/24>
Babel <v3.8l> and hyphenation patterns for english, usenglishmax, dumylang, noh
yphenation, pinyin, loaded.
 File ignored
)
! Emergency stop.
<*> webkit
          
*** (job aborted, no legal \end found)

 
Here is how much of TeX's memory you used:
 6 strings out of 495713
 175 string characters out of 3188238
 45203 words of memory out of 3000000
 3240 multiletter control sequences out of 15000+200000
 3640 words of font info for 14 fonts, out of 3000000 for 9000
 28 hyphenation exceptions out of 8191
 5i,0n,1p,86b,8s stack positions out of 5000i,500n,10000p,200000b,50000s
No pages of output.
